{
  "stats": {
    "suites": 1,
    "tests": 2,
    "passes": 2,
    "pending": 0,
    "failures": 0,
    "start": "2023-01-19T06:45:05.220Z",
    "end": "2023-01-19T06:45:09.246Z",
    "duration": 4026,
    "testsRegistered": 2,
    "passPercent": 100,
    "pendingPercent": 0,
    "other": 0,
    "hasOther": false,
    "skipped": 0,
    "hasSkipped": false
  },
  "results": [
    {
      "uuid": "19e7f5ac-843e-4a90-800f-cc79431a8318",
      "title": "",
      "fullFile": "cypress\\e2e\\Login.cy.js",
      "file": "cypress\\e2e\\Login.cy.js",
      "beforeHooks": [],
      "afterHooks": [],
      "tests": [],
      "suites": [
        {
          "uuid": "2d3854d1-8cea-42dc-bdc9-338877d05df5",
          "title": "LoginTC",
          "fullFile": "",
          "file": "",
          "beforeHooks": [],
          "afterHooks": [],
          "tests": [
            {
              "title": "positivelogin",
              "fullTitle": "LoginTC positivelogin",
              "timedOut": null,
              "duration": 1079,
              "state": "passed",
              "speed": "fast",
              "pass": true,
              "fail": false,
              "pending": false,
              "context": null,
              "code": "cy.visit('https://www.saucedemo.com/');\ncy.get(_locator.login_user).type('standard_user');\ncy.get(_locator.login_password).type('secret_sauce');\ncy.get(_locator.login_button).click();",
              "err": {},
              "uuid": "2cbd4e85-eaeb-4952-b5b1-30860769853d",
              "parentUUID": "2d3854d1-8cea-42dc-bdc9-338877d05df5",
              "isHook": false,
              "skipped": false
            },
            {
              "title": "negativelogin",
              "fullTitle": "LoginTC negativelogin",
              "timedOut": null,
              "duration": 1011,
              "state": "passed",
              "speed": "fast",
              "pass": true,
              "fail": false,
              "pending": false,
              "context": null,
              "code": "cy.visit('https://www.saucedemo.com/');\ncy.get(_locator.login_user).type('standard_user');\ncy.get(_locator.login_password).type('secret_wrong');\ncy.get(_locator.login_button).click();",
              "err": {},
              "uuid": "d8f2635c-cb18-4a45-b4ca-318413d2d137",
              "parentUUID": "2d3854d1-8cea-42dc-bdc9-338877d05df5",
              "isHook": false,
              "skipped": false
            }
          ],
          "suites": [],
          "passes": [
            "2cbd4e85-eaeb-4952-b5b1-30860769853d",
            "d8f2635c-cb18-4a45-b4ca-318413d2d137"
          ],
          "failures": [],
          "pending": [],
          "skipped": [],
          "duration": 2090,
          "root": false,
          "rootEmpty": false,
          "_timeout": 2000
        }
      ],
      "passes": [],
      "failures": [],
      "pending": [],
      "skipped": [],
      "duration": 0,
      "root": true,
      "rootEmpty": true,
      "_timeout": 2000
    }
  ],
  "meta": {
    "mocha": {
      "version": "7.0.1"
    },
    "mochawesome": {
      "options": {
        "quiet": false,
        "reportFilename": "mochawesome",
        "saveHtml": false,
        "saveJson": true,
        "consoleReporter": "spec",
        "useInlineDiffs": false,
        "code": true
      },
      "version": "7.1.3"
    },
    "marge": {
      "options": {
        "id": "default",
        "reportDir": "cypress/results/mochawesome",
        "quite": true,
        "overwrite": false,
        "html": false,
        "json": true
      },
      "version": "6.2.0"
    }
  }
}