{
  "stats": {
    "suites": 1,
    "tests": 1,
    "passes": 1,
    "pending": 0,
    "failures": 0,
    "start": "2023-01-20T08:00:07.421Z",
    "end": "2023-01-20T08:00:07.553Z",
    "duration": 132,
    "testsRegistered": 1,
    "passPercent": 100,
    "pendingPercent": 0,
    "other": 0,
    "hasOther": false,
    "skipped": 0,
    "hasSkipped": false
  },
  "results": [
    {
      "uuid": "628d4162-d406-44d1-beb8-7df64ff46437",
      "title": "",
      "fullFile": "cypress\\e2e\\Api.cy.js",
      "file": "cypress\\e2e\\Api.cy.js",
      "beforeHooks": [],
      "afterHooks": [],
      "tests": [],
      "suites": [
        {
          "uuid": "13b24af6-d30e-41c8-9fd7-f3d086dd032a",
          "title": "JSON Object",
          "fullFile": "",
          "file": "",
          "beforeHooks": [],
          "afterHooks": [],
          "tests": [
            {
              "title": "Json Object Examples",
              "fullTitle": "JSON Object Json Object Examples",
              "timedOut": null,
              "duration": 109,
              "state": "passed",
              "speed": "fast",
              "pass": true,
              "fail": false,
              "pending": false,
              "context": null,
              "code": "var exampleObject = {\n  \"key\": \"Tim\",\n  \"key2\": \"Jones\"\n};\nvar exampleArrayOfValues = [\"Sophie\", \"Rose\", \"Howard\"];\nvar exampleArrayOfObject = [{\n  \"key\": \"luke\"\n}];\nvar newArray = [{\n  \"key\": \"Praveen\"\n}, {\n  \"key\": \"Cookie\"\n}];\nreturn newArray;\nnewArray.push(exampleArrayOfObject);\nvar users = {\n  \"firstName\": \"Joe\",\n  \"lastName\": \"Blogs\",\n  \"Age\": 30,\n  \"Students\": [{\n    \"firstName\": \"Jim\",\n    \"lastName\": \"Blogs2\"\n  }, {\n    \"firstName\": \"Sarah\",\n    \"lastName\": \"Parker\"\n  }]\n};\ncy.log(exampleObject[\"key\"]); //Tim\ncy.log(exampleObject[\"key2\"]); //Jones\ncy.log(exampleObject.key2); //Jones\ncy.log(exampleArrayOfValues[0]); //Sophie\ncy.log(exampleArrayOfValues[1]); //Rose\ncy.log(users.Students[0].lastName); //Blogs2\ncy.log(exampleArrayOfObject);\ncy.log();",
              "err": {},
              "uuid": "24cc5690-d3e9-497e-9ea6-4f13fdd49d0d",
              "parentUUID": "13b24af6-d30e-41c8-9fd7-f3d086dd032a",
              "isHook": false,
              "skipped": false
            }
          ],
          "suites": [],
          "passes": [
            "24cc5690-d3e9-497e-9ea6-4f13fdd49d0d"
          ],
          "failures": [],
          "pending": [],
          "skipped": [],
          "duration": 109,
          "root": false,
          "rootEmpty": false,
          "_timeout": 2000
        }
      ],
      "passes": [],
      "failures": [],
      "pending": [],
      "skipped": [],
      "duration": 0,
      "root": true,
      "rootEmpty": true,
      "_timeout": 2000
    }
  ],
  "meta": {
    "mocha": {
      "version": "7.0.1"
    },
    "mochawesome": {
      "options": {
        "quiet": false,
        "reportFilename": "mochawesome",
        "saveHtml": false,
        "saveJson": true,
        "consoleReporter": "spec",
        "useInlineDiffs": false,
        "code": true
      },
      "version": "7.1.3"
    },
    "marge": {
      "options": {
        "id": "default",
        "reportDir": "cypress/results/mochawesome",
        "quite": true,
        "overwrite": false,
        "html": false,
        "json": true
      },
      "version": "6.2.0"
    }
  }
}