{
  "stats": {
    "suites": 1,
    "tests": 2,
    "passes": 2,
    "pending": 0,
    "failures": 0,
    "start": "2023-01-20T08:00:29.899Z",
    "end": "2023-01-20T08:00:34.531Z",
    "duration": 4632,
    "testsRegistered": 2,
    "passPercent": 100,
    "pendingPercent": 0,
    "other": 0,
    "hasOther": false,
    "skipped": 0,
    "hasSkipped": false
  },
  "results": [
    {
      "uuid": "653c81f7-2550-4f72-aa5a-76dfa0f32b37",
      "title": "",
      "fullFile": "cypress\\e2e\\Login.cy.js",
      "file": "cypress\\e2e\\Login.cy.js",
      "beforeHooks": [],
      "afterHooks": [],
      "tests": [],
      "suites": [
        {
          "uuid": "0a6b6a76-76d4-4ea2-9388-b573f6fea970",
          "title": "LoginTC",
          "fullFile": "",
          "file": "",
          "beforeHooks": [],
          "afterHooks": [],
          "tests": [
            {
              "title": "positivelogin",
              "fullTitle": "LoginTC positivelogin",
              "timedOut": null,
              "duration": 1257,
              "state": "passed",
              "speed": "fast",
              "pass": true,
              "fail": false,
              "pending": false,
              "context": null,
              "code": "cy.visit('https://www.saucedemo.com/');\ncy.get(_locator.login_user).type('standard_user');\ncy.get(_locator.login_password).type('secret_sauce');\ncy.get(_locator.login_button).click();",
              "err": {},
              "uuid": "1efa7013-e267-4c04-97c9-700fa43ea474",
              "parentUUID": "0a6b6a76-76d4-4ea2-9388-b573f6fea970",
              "isHook": false,
              "skipped": false
            },
            {
              "title": "negativelogin",
              "fullTitle": "LoginTC negativelogin",
              "timedOut": null,
              "duration": 1063,
              "state": "passed",
              "speed": "fast",
              "pass": true,
              "fail": false,
              "pending": false,
              "context": null,
              "code": "cy.visit('https://www.saucedemo.com/');\ncy.get(_locator.login_user).type('standard_user');\ncy.get(_locator.login_password).type('secret_wrong');\ncy.get(_locator.login_button).click();",
              "err": {},
              "uuid": "98fd5d3b-21d8-4421-85f1-f928006bf358",
              "parentUUID": "0a6b6a76-76d4-4ea2-9388-b573f6fea970",
              "isHook": false,
              "skipped": false
            }
          ],
          "suites": [],
          "passes": [
            "1efa7013-e267-4c04-97c9-700fa43ea474",
            "98fd5d3b-21d8-4421-85f1-f928006bf358"
          ],
          "failures": [],
          "pending": [],
          "skipped": [],
          "duration": 2320,
          "root": false,
          "rootEmpty": false,
          "_timeout": 2000
        }
      ],
      "passes": [],
      "failures": [],
      "pending": [],
      "skipped": [],
      "duration": 0,
      "root": true,
      "rootEmpty": true,
      "_timeout": 2000
    }
  ],
  "meta": {
    "mocha": {
      "version": "7.0.1"
    },
    "mochawesome": {
      "options": {
        "quiet": false,
        "reportFilename": "mochawesome",
        "saveHtml": false,
        "saveJson": true,
        "consoleReporter": "spec",
        "useInlineDiffs": false,
        "code": true
      },
      "version": "7.1.3"
    },
    "marge": {
      "options": {
        "id": "default",
        "reportDir": "cypress/results/mochawesome",
        "quite": true,
        "overwrite": false,
        "html": false,
        "json": true
      },
      "version": "6.2.0"
    }
  }
}