{
  "stats": {
    "suites": 1,
    "tests": 2,
    "passes": 2,
    "pending": 0,
    "failures": 0,
    "start": "2023-01-16T10:14:24.018Z",
    "end": "2023-01-16T10:14:26.836Z",
    "duration": 2818,
    "testsRegistered": 2,
    "passPercent": 100,
    "pendingPercent": 0,
    "other": 0,
    "hasOther": false,
    "skipped": 0,
    "hasSkipped": false
  },
  "results": [
    {
      "uuid": "fa883e77-f9e8-4298-a9e4-d6ee86fe54b2",
      "title": "",
      "fullFile": "cypress\\e2e\\login.cy.js",
      "file": "cypress\\e2e\\login.cy.js",
      "beforeHooks": [],
      "afterHooks": [],
      "tests": [],
      "suites": [
        {
          "uuid": "d79c0e8b-2c62-413f-bc30-09f4c8d696fd",
          "title": "login",
          "fullFile": "",
          "file": "",
          "beforeHooks": [],
          "afterHooks": [],
          "tests": [
            {
              "title": "positive",
              "fullTitle": "login positive",
              "timedOut": null,
              "duration": 883,
              "state": "passed",
              "speed": "fast",
              "pass": true,
              "fail": false,
              "pending": false,
              "context": null,
              "code": "cy.visit('https://www.saucedemo.com/');\ncy.get(_locator.login_user).type('standard_user');\ncy.get(_locator.login_password).type('secret_sauce');\ncy.get(_locator.login_button).click();",
              "err": {},
              "uuid": "4e83de79-a4d6-49c4-a07e-ea4afc5bc5ba",
              "parentUUID": "d79c0e8b-2c62-413f-bc30-09f4c8d696fd",
              "isHook": false,
              "skipped": false
            },
            {
              "title": "negativelogin",
              "fullTitle": "login negativelogin",
              "timedOut": null,
              "duration": 842,
              "state": "passed",
              "speed": "fast",
              "pass": true,
              "fail": false,
              "pending": false,
              "context": null,
              "code": "cy.visit('https://www.saucedemo.com/');\ncy.get(_locator.login_user).type('standard_user');\ncy.get(_locator.login_password).type('secret_wrong');\ncy.get(_locator.login_button).click();",
              "err": {},
              "uuid": "a2dabb61-cb02-4cd6-9626-4483c990e9a6",
              "parentUUID": "d79c0e8b-2c62-413f-bc30-09f4c8d696fd",
              "isHook": false,
              "skipped": false
            }
          ],
          "suites": [],
          "passes": [
            "4e83de79-a4d6-49c4-a07e-ea4afc5bc5ba",
            "a2dabb61-cb02-4cd6-9626-4483c990e9a6"
          ],
          "failures": [],
          "pending": [],
          "skipped": [],
          "duration": 1725,
          "root": false,
          "rootEmpty": false,
          "_timeout": 2000
        }
      ],
      "passes": [],
      "failures": [],
      "pending": [],
      "skipped": [],
      "duration": 0,
      "root": true,
      "rootEmpty": true,
      "_timeout": 2000
    }
  ],
  "meta": {
    "mocha": {
      "version": "7.0.1"
    },
    "mochawesome": {
      "options": {
        "quiet": false,
        "reportFilename": "mochawesome",
        "saveHtml": false,
        "saveJson": true,
        "consoleReporter": "spec",
        "useInlineDiffs": false,
        "code": true
      },
      "version": "7.1.3"
    },
    "marge": {
      "options": {
        "id": "default",
        "reportDir": "cypress/results/mochawesome",
        "quite": true,
        "overwrite": false,
        "html": false,
        "json": true
      },
      "version": "6.2.0"
    }
  }
}