{
  "stats": {
    "suites": 1,
    "tests": 1,
    "passes": 1,
    "pending": 0,
    "failures": 0,
    "start": "2023-01-20T08:00:14.613Z",
    "end": "2023-01-20T08:00:21.281Z",
    "duration": 6668,
    "testsRegistered": 1,
    "passPercent": 100,
    "pendingPercent": 0,
    "other": 0,
    "hasOther": false,
    "skipped": 0,
    "hasSkipped": false
  },
  "results": [
    {
      "uuid": "bd1fb543-a2bf-44e5-8675-01d5c7f6cfdd",
      "title": "",
      "fullFile": "cypress\\e2e\\EndToEnd.cy.js",
      "file": "cypress\\e2e\\EndToEnd.cy.js",
      "beforeHooks": [],
      "afterHooks": [],
      "tests": [],
      "suites": [
        {
          "uuid": "86ee6826-d95a-4600-b2ba-a4c797fd5730",
          "title": "EndToEnd",
          "fullFile": "",
          "file": "",
          "beforeHooks": [],
          "afterHooks": [],
          "tests": [
            {
              "title": "E2E",
              "fullTitle": "EndToEnd E2E",
              "timedOut": null,
              "duration": 3936,
              "state": "passed",
              "speed": "fast",
              "pass": true,
              "fail": false,
              "pending": false,
              "context": null,
              "code": "//var randomEmail = require('random-email');\ncy.visit('https://www.saucedemo.com/');\ncy.get(_locator.login_user).type('standard_user');\ncy.get(_locator.login_password).type('secret_sauce');\ncy.get(_locator.login_button).click();\ncy.get('[data-test=\"add-to-cart-sauce-labs-backpack\"]').click();\ncy.get('.shopping_cart_link').click();\ncy.get('[data-test=\"checkout\"]').click();\ncy.get('[data-test=\"firstName\"]').type(randomEmail({\n  domain: 'gmail.com'\n}));\ncy.get('[data-test=\"lastName\"]').type('Nandakumar');\ncy.get('[data-test=\"postalCode\"]').type('641039');\ncy.get('[data-test=\"continue\"]').click();\ncy.get('[data-test=\"finish\"]').click();\ncy.get('.complete-header').should('have.text', 'THANK YOU FOR YOUR ORDER');",
              "err": {},
              "uuid": "8fafa8b0-7769-4b8a-b66f-3bf1a151eac7",
              "parentUUID": "86ee6826-d95a-4600-b2ba-a4c797fd5730",
              "isHook": false,
              "skipped": false
            }
          ],
          "suites": [],
          "passes": [
            "8fafa8b0-7769-4b8a-b66f-3bf1a151eac7"
          ],
          "failures": [],
          "pending": [],
          "skipped": [],
          "duration": 3936,
          "root": false,
          "rootEmpty": false,
          "_timeout": 2000
        }
      ],
      "passes": [],
      "failures": [],
      "pending": [],
      "skipped": [],
      "duration": 0,
      "root": true,
      "rootEmpty": true,
      "_timeout": 2000
    }
  ],
  "meta": {
    "mocha": {
      "version": "7.0.1"
    },
    "mochawesome": {
      "options": {
        "quiet": false,
        "reportFilename": "mochawesome",
        "saveHtml": false,
        "saveJson": true,
        "consoleReporter": "spec",
        "useInlineDiffs": false,
        "code": true
      },
      "version": "7.1.3"
    },
    "marge": {
      "options": {
        "id": "default",
        "reportDir": "cypress/results/mochawesome",
        "quite": true,
        "overwrite": false,
        "html": false,
        "json": true
      },
      "version": "6.2.0"
    }
  }
}